2025-09-12 07:06:02,209 - INFO - 开始获取中国行政区划信息...
2025-09-12 07:06:02,210 - INFO - 由于网络限制，使用预定义数据源
2025-09-12 07:06:02,210 - INFO - 使用预定义的行政区划数据...
2025-09-12 07:06:02,210 - INFO - 共获取到 56 条行政区划记录
2025-09-12 07:06:02,210 - INFO - 数据已保存到 china_administrative_divisions.json
2025-09-12 07:06:02,210 - INFO - 数据已保存到 china_administrative_divisions.csv
2025-09-12 07:06:02,210 - INFO - ==================================================
2025-09-12 07:06:02,211 - INFO - 数据统计信息:
2025-09-12 07:06:02,211 - INFO - ==================================================
2025-09-12 07:06:02,211 - INFO - 总计: 56 条记录
2025-09-12 07:06:02,211 - INFO - 
按级别统计:
2025-09-12 07:06:02,211 - INFO -   区县: 30 条
2025-09-12 07:06:02,211 - INFO -   市: 15 条
2025-09-12 07:06:02,211 - INFO -   省: 11 条
2025-09-12 07:06:02,211 - INFO - 
省级行政区: 11 个
2025-09-12 07:06:02,211 - INFO -   上海市
2025-09-12 07:06:02,211 - INFO -   北京市
2025-09-12 07:06:02,211 - INFO -   四川省
2025-09-12 07:06:02,211 - INFO -   天津市
2025-09-12 07:06:02,211 - INFO -   山西省
2025-09-12 07:06:02,211 - INFO -   广东省
2025-09-12 07:06:02,211 - INFO -   江苏省
2025-09-12 07:06:02,211 - INFO -   河北省
2025-09-12 07:06:02,211 - INFO -   浙江省
2025-09-12 07:06:02,211 - INFO -   辽宁省
2025-09-12 07:06:02,211 - INFO -   重庆市
2025-09-12 07:06:02,211 - INFO - 数据获取完成！
2025-09-12 07:06:02,211 - INFO - 输出文件:
2025-09-12 07:06:02,211 - INFO -   - china_administrative_divisions.json
2025-09-12 07:06:02,211 - INFO -   - china_administrative_divisions.csv
2025-09-12 07:06:02,211 - INFO -   - crawler.log
2025-09-12 07:11:05,602 - INFO - 使用预定义的行政区划数据...
2025-09-12 07:11:05,605 - INFO - 获取全面的中国行政区划数据...
