2025-09-12 07:09:14,843 - INFO - 开始运行增强版中国行政区划信息爬虫...
2025-09-12 07:09:14,843 - INFO - 获取全面的中国行政区划数据...
2025-09-12 07:09:14,843 - INFO - 共获取到 80 条行政区划记录
2025-09-12 07:09:14,843 - INFO - 数据已保存到 enhanced_china_administrative_divisions.json
2025-09-12 07:09:14,844 - INFO - 数据已保存到 enhanced_china_administrative_divisions.csv
2025-09-12 07:09:14,844 - INFO - ============================================================
2025-09-12 07:09:14,844 - INFO - 详细数据统计信息:
2025-09-12 07:09:14,844 - INFO - ============================================================
2025-09-12 07:09:14,844 - INFO - 总计: 80 条记录
2025-09-12 07:09:14,844 - INFO - 
按行政级别统计:
2025-09-12 07:09:14,844 - INFO -   区县: 21 条
2025-09-12 07:09:14,844 - INFO -   市: 25 条
2025-09-12 07:09:14,844 - INFO -   省: 34 条
2025-09-12 07:09:14,844 - INFO - 
按行政区类型统计:
2025-09-12 07:09:14,844 - INFO -   地级市: 25 条
2025-09-12 07:09:14,844 - INFO -   市辖区: 21 条
2025-09-12 07:09:14,844 - INFO -   特别行政区: 2 条
2025-09-12 07:09:14,844 - INFO -   直辖市: 4 条
2025-09-12 07:09:14,844 - INFO -   省: 23 条
2025-09-12 07:09:14,844 - INFO -   自治区: 5 条
2025-09-12 07:09:14,844 - INFO - 
省级行政区详情: (共34个)
2025-09-12 07:09:14,844 - INFO -   上海市: 1个地级市, 4个区县
2025-09-12 07:09:14,844 - INFO -   云南省: 0个地级市, 0个区县
2025-09-12 07:09:14,844 - INFO -   内蒙古自治区: 0个地级市, 0个区县
2025-09-12 07:09:14,844 - INFO -   北京市: 1个地级市, 5个区县
2025-09-12 07:09:14,844 - INFO -   台湾省: 0个地级市, 0个区县
2025-09-12 07:09:14,844 - INFO -   吉林省: 0个地级市, 0个区县
2025-09-12 07:09:14,844 - INFO -   四川省: 1个地级市, 2个区县
2025-09-12 07:09:14,844 - INFO -   天津市: 1个地级市, 0个区县
2025-09-12 07:09:14,844 - INFO -   宁夏回族自治区: 0个地级市, 0个区县
2025-09-12 07:09:14,844 - INFO -   安徽省: 0个地级市, 0个区县
2025-09-12 07:09:14,844 - INFO -   山东省: 2个地级市, 0个区县
2025-09-12 07:09:14,844 - INFO -   山西省: 2个地级市, 0个区县
2025-09-12 07:09:14,844 - INFO -   广东省: 5个地级市, 6个区县
2025-09-12 07:09:14,844 - INFO -   广西壮族自治区: 0个地级市, 0个区县
2025-09-12 07:09:14,844 - INFO -   新疆维吾尔自治区: 0个地级市, 0个区县
2025-09-12 07:09:14,844 - INFO -   江苏省: 3个地级市, 2个区县
2025-09-12 07:09:14,844 - INFO -   江西省: 0个地级市, 0个区县
2025-09-12 07:09:14,844 - INFO -   河北省: 3个地级市, 0个区县
2025-09-12 07:09:14,844 - INFO -   河南省: 1个地级市, 0个区县
2025-09-12 07:09:14,844 - INFO -   浙江省: 2个地级市, 2个区县
2025-09-12 07:09:14,844 - INFO -   海南省: 0个地级市, 0个区县
2025-09-12 07:09:14,844 - INFO -   湖北省: 0个地级市, 0个区县
2025-09-12 07:09:14,844 - INFO -   湖南省: 0个地级市, 0个区县
2025-09-12 07:09:14,844 - INFO -   澳门特别行政区: 0个地级市, 0个区县
2025-09-12 07:09:14,844 - INFO -   甘肃省: 0个地级市, 0个区县
2025-09-12 07:09:14,845 - INFO -   福建省: 0个地级市, 0个区县
2025-09-12 07:09:14,845 - INFO -   西藏自治区: 0个地级市, 0个区县
2025-09-12 07:09:14,845 - INFO -   贵州省: 0个地级市, 0个区县
2025-09-12 07:09:14,845 - INFO -   辽宁省: 2个地级市, 0个区县
2025-09-12 07:09:14,845 - INFO -   重庆市: 1个地级市, 0个区县
2025-09-12 07:09:14,845 - INFO -   陕西省: 0个地级市, 0个区县
2025-09-12 07:09:14,845 - INFO -   青海省: 0个地级市, 0个区县
2025-09-12 07:09:14,845 - INFO -   香港特别行政区: 0个地级市, 0个区县
2025-09-12 07:09:14,845 - INFO -   黑龙江省: 0个地级市, 0个区县
2025-09-12 07:09:14,845 - INFO - 
数据获取完成！
2025-09-12 07:09:14,845 - INFO - 输出文件:
2025-09-12 07:09:14,845 - INFO -   - enhanced_china_administrative_divisions.json (完整数据)
2025-09-12 07:09:14,845 - INFO -   - enhanced_china_administrative_divisions.csv (完整数据)
2025-09-12 07:09:14,845 - INFO -   - enhanced_crawler.log (详细日志)
