2025-09-12 07:03:26,704 - INFO - 开始爬取全国行政区划数据...
2025-09-12 07:03:26,704 - INFO - 开始爬取省级行政区划数据...
2025-09-12 07:03:26,704 - INFO - 成功获取 34 个省级行政区划
2025-09-12 07:03:26,704 - INFO - 开始爬取 北京市 的市级行政区划数据...
2025-09-12 07:03:26,704 - INFO - 成功获取 北京市 的 1 个市级行政区划
2025-09-12 07:03:26,704 - INFO - 开始爬取 北京市 的县级行政区划数据...
2025-09-12 07:03:26,704 - INFO - 成功获取 北京市 的 16 个县级行政区划
2025-09-12 07:03:28,248 - INFO - 开始爬取 天津市 的市级行政区划数据...
2025-09-12 07:03:28,248 - INFO - 成功获取 天津市 的 1 个市级行政区划
2025-09-12 07:03:28,248 - INFO - 开始爬取 天津市 的县级行政区划数据...
2025-09-12 07:03:28,248 - INFO - 成功获取 天津市 的 2 个县级行政区划
2025-09-12 07:03:29,443 - INFO - 开始爬取 河北省 的市级行政区划数据...
2025-09-12 07:03:29,443 - INFO - 成功获取 河北省 的 11 个市级行政区划
2025-09-12 07:03:29,443 - INFO - 开始爬取 石家庄市 的县级行政区划数据...
2025-09-12 07:03:29,443 - INFO - 成功获取 石家庄市 的 2 个县级行政区划
2025-09-12 07:03:30,410 - INFO - 开始爬取 唐山市 的县级行政区划数据...
2025-09-12 07:03:30,410 - INFO - 成功获取 唐山市 的 2 个县级行政区划
2025-09-12 07:03:30,934 - INFO - 开始爬取 秦皇岛市 的县级行政区划数据...
2025-09-12 07:03:30,934 - INFO - 成功获取 秦皇岛市 的 2 个县级行政区划
2025-09-12 07:03:31,555 - INFO - 开始爬取 邯郸市 的县级行政区划数据...
2025-09-12 07:03:31,555 - INFO - 成功获取 邯郸市 的 2 个县级行政区划
2025-09-12 07:03:32,445 - INFO - 开始爬取 邢台市 的县级行政区划数据...
2025-09-12 07:03:32,446 - INFO - 成功获取 邢台市 的 2 个县级行政区划
2025-09-12 07:03:33,148 - INFO - 开始爬取 保定市 的县级行政区划数据...
2025-09-12 07:03:33,148 - INFO - 成功获取 保定市 的 2 个县级行政区划
2025-09-12 07:03:34,039 - INFO - 开始爬取 张家口市 的县级行政区划数据...
2025-09-12 07:03:34,039 - INFO - 成功获取 张家口市 的 2 个县级行政区划
2025-09-12 07:03:34,746 - INFO - 开始爬取 承德市 的县级行政区划数据...
2025-09-12 07:03:34,746 - INFO - 成功获取 承德市 的 2 个县级行政区划
2025-09-12 07:03:35,688 - INFO - 开始爬取 沧州市 的县级行政区划数据...
2025-09-12 07:03:35,688 - INFO - 成功获取 沧州市 的 2 个县级行政区划
2025-09-12 07:03:36,514 - INFO - 开始爬取 廊坊市 的县级行政区划数据...
2025-09-12 07:03:36,515 - INFO - 成功获取 廊坊市 的 2 个县级行政区划
2025-09-12 07:03:37,339 - INFO - 开始爬取 衡水市 的县级行政区划数据...
2025-09-12 07:03:37,339 - INFO - 成功获取 衡水市 的 2 个县级行政区划
2025-09-12 07:03:38,801 - INFO - 开始爬取 山西省 的市级行政区划数据...
2025-09-12 07:03:38,801 - INFO - 成功获取 山西省 的 2 个市级行政区划
2025-09-12 07:03:38,801 - INFO - 开始爬取 山西省省会城市 的县级行政区划数据...
2025-09-12 07:03:38,801 - INFO - 成功获取 山西省省会城市 的 2 个县级行政区划
2025-09-12 07:03:39,597 - INFO - 开始爬取 山西省重要城市 的县级行政区划数据...
2025-09-12 07:03:39,597 - INFO - 成功获取 山西省重要城市 的 2 个县级行政区划
2025-09-12 07:03:41,224 - INFO - 开始爬取 内蒙古自治区 的市级行政区划数据...
2025-09-12 07:03:41,224 - INFO - 成功获取 内蒙古自治区 的 2 个市级行政区划
2025-09-12 07:03:41,224 - INFO - 开始爬取 内蒙古自治区省会城市 的县级行政区划数据...
2025-09-12 07:03:41,224 - INFO - 成功获取 内蒙古自治区省会城市 的 2 个县级行政区划
2025-09-12 07:03:41,776 - INFO - 开始爬取 内蒙古自治区重要城市 的县级行政区划数据...
2025-09-12 07:03:41,776 - INFO - 成功获取 内蒙古自治区重要城市 的 2 个县级行政区划
2025-09-12 07:03:43,466 - INFO - 开始爬取 辽宁省 的市级行政区划数据...
2025-09-12 07:03:43,467 - INFO - 成功获取 辽宁省 的 2 个市级行政区划
2025-09-12 07:03:43,467 - INFO - 开始爬取 辽宁省省会城市 的县级行政区划数据...
2025-09-12 07:03:43,467 - INFO - 成功获取 辽宁省省会城市 的 2 个县级行政区划
2025-09-12 07:03:44,173 - INFO - 开始爬取 辽宁省重要城市 的县级行政区划数据...
2025-09-12 07:03:44,173 - INFO - 成功获取 辽宁省重要城市 的 2 个县级行政区划
2025-09-12 07:03:45,831 - INFO - 开始爬取 吉林省 的市级行政区划数据...
2025-09-12 07:03:45,831 - INFO - 成功获取 吉林省 的 2 个市级行政区划
2025-09-12 07:03:45,831 - INFO - 开始爬取 吉林省省会城市 的县级行政区划数据...
2025-09-12 07:03:45,831 - INFO - 成功获取 吉林省省会城市 的 2 个县级行政区划
2025-09-12 07:03:46,677 - INFO - 开始爬取 吉林省重要城市 的县级行政区划数据...
2025-09-12 07:03:46,678 - INFO - 成功获取 吉林省重要城市 的 2 个县级行政区划
2025-09-12 07:03:48,463 - INFO - 开始爬取 黑龙江省 的市级行政区划数据...
2025-09-12 07:03:48,463 - INFO - 成功获取 黑龙江省 的 2 个市级行政区划
2025-09-12 07:03:48,463 - INFO - 开始爬取 黑龙江省省会城市 的县级行政区划数据...
2025-09-12 07:03:48,463 - INFO - 成功获取 黑龙江省省会城市 的 2 个县级行政区划
2025-09-12 07:03:49,451 - INFO - 开始爬取 黑龙江省重要城市 的县级行政区划数据...
2025-09-12 07:03:49,451 - INFO - 成功获取 黑龙江省重要城市 的 2 个县级行政区划
2025-09-12 07:03:50,909 - INFO - 开始爬取 上海市 的市级行政区划数据...
2025-09-12 07:03:50,910 - INFO - 成功获取 上海市 的 2 个市级行政区划
2025-09-12 07:03:50,910 - INFO - 开始爬取 上海市省会城市 的县级行政区划数据...
2025-09-12 07:03:50,910 - INFO - 成功获取 上海市省会城市 的 2 个县级行政区划
2025-09-12 07:03:51,444 - INFO - 开始爬取 上海市重要城市 的县级行政区划数据...
2025-09-12 07:03:51,444 - INFO - 成功获取 上海市重要城市 的 2 个县级行政区划
2025-09-12 07:03:52,916 - INFO - 开始爬取 江苏省 的市级行政区划数据...
2025-09-12 07:03:52,916 - INFO - 成功获取 江苏省 的 13 个市级行政区划
2025-09-12 07:03:52,917 - INFO - 开始爬取 南京市 的县级行政区划数据...
2025-09-12 07:03:52,917 - INFO - 成功获取 南京市 的 11 个县级行政区划
2025-09-12 07:03:53,571 - INFO - 开始爬取 无锡市 的县级行政区划数据...
2025-09-12 07:03:53,571 - INFO - 成功获取 无锡市 的 2 个县级行政区划
2025-09-12 07:03:54,338 - INFO - 开始爬取 徐州市 的县级行政区划数据...
2025-09-12 07:03:54,338 - INFO - 成功获取 徐州市 的 2 个县级行政区划
2025-09-12 07:03:54,875 - INFO - 开始爬取 常州市 的县级行政区划数据...
2025-09-12 07:03:54,875 - INFO - 成功获取 常州市 的 2 个县级行政区划
2025-09-12 07:03:55,853 - INFO - 开始爬取 苏州市 的县级行政区划数据...
2025-09-12 07:03:55,853 - INFO - 成功获取 苏州市 的 2 个县级行政区划
2025-09-12 07:03:56,519 - INFO - 开始爬取 南通市 的县级行政区划数据...
2025-09-12 07:03:56,519 - INFO - 成功获取 南通市 的 2 个县级行政区划
2025-09-12 07:03:57,111 - INFO - 开始爬取 连云港市 的县级行政区划数据...
2025-09-12 07:03:57,111 - INFO - 成功获取 连云港市 的 2 个县级行政区划
2025-09-12 07:03:57,843 - INFO - 开始爬取 淮安市 的县级行政区划数据...
2025-09-12 07:03:57,843 - INFO - 成功获取 淮安市 的 2 个县级行政区划
2025-09-12 07:03:58,657 - INFO - 开始爬取 盐城市 的县级行政区划数据...
2025-09-12 07:03:58,657 - INFO - 成功获取 盐城市 的 2 个县级行政区划
2025-09-12 07:03:59,646 - INFO - 开始爬取 扬州市 的县级行政区划数据...
2025-09-12 07:03:59,647 - INFO - 成功获取 扬州市 的 2 个县级行政区划
2025-09-12 07:04:00,554 - INFO - 开始爬取 镇江市 的县级行政区划数据...
2025-09-12 07:04:00,554 - INFO - 成功获取 镇江市 的 2 个县级行政区划
2025-09-12 07:04:01,124 - INFO - 开始爬取 泰州市 的县级行政区划数据...
2025-09-12 07:04:01,124 - INFO - 成功获取 泰州市 的 2 个县级行政区划
2025-09-12 07:04:02,110 - INFO - 开始爬取 宿迁市 的县级行政区划数据...
2025-09-12 07:04:02,110 - INFO - 成功获取 宿迁市 的 2 个县级行政区划
2025-09-12 07:04:03,632 - INFO - 开始爬取 浙江省 的市级行政区划数据...
2025-09-12 07:04:03,632 - INFO - 成功获取 浙江省 的 2 个市级行政区划
2025-09-12 07:04:03,632 - INFO - 开始爬取 浙江省省会城市 的县级行政区划数据...
2025-09-12 07:04:03,632 - INFO - 成功获取 浙江省省会城市 的 2 个县级行政区划
2025-09-12 07:04:04,356 - INFO - 开始爬取 浙江省重要城市 的县级行政区划数据...
2025-09-12 07:04:04,356 - INFO - 成功获取 浙江省重要城市 的 2 个县级行政区划
2025-09-12 07:04:05,851 - INFO - 开始爬取 安徽省 的市级行政区划数据...
2025-09-12 07:04:05,851 - INFO - 成功获取 安徽省 的 2 个市级行政区划
2025-09-12 07:04:05,851 - INFO - 开始爬取 安徽省省会城市 的县级行政区划数据...
2025-09-12 07:04:05,851 - INFO - 成功获取 安徽省省会城市 的 2 个县级行政区划
2025-09-12 07:04:06,589 - INFO - 开始爬取 安徽省重要城市 的县级行政区划数据...
2025-09-12 07:04:06,589 - INFO - 成功获取 安徽省重要城市 的 2 个县级行政区划
2025-09-12 07:04:07,978 - INFO - 开始爬取 福建省 的市级行政区划数据...
2025-09-12 07:04:07,978 - INFO - 成功获取 福建省 的 2 个市级行政区划
2025-09-12 07:04:07,978 - INFO - 开始爬取 福建省省会城市 的县级行政区划数据...
2025-09-12 07:04:07,978 - INFO - 成功获取 福建省省会城市 的 2 个县级行政区划
2025-09-12 07:04:08,623 - INFO - 开始爬取 福建省重要城市 的县级行政区划数据...
2025-09-12 07:04:08,623 - INFO - 成功获取 福建省重要城市 的 2 个县级行政区划
2025-09-12 07:04:09,718 - INFO - 开始爬取 江西省 的市级行政区划数据...
2025-09-12 07:04:09,718 - INFO - 成功获取 江西省 的 2 个市级行政区划
2025-09-12 07:04:09,718 - INFO - 开始爬取 江西省省会城市 的县级行政区划数据...
2025-09-12 07:04:09,718 - INFO - 成功获取 江西省省会城市 的 2 个县级行政区划
2025-09-12 07:04:10,372 - INFO - 开始爬取 江西省重要城市 的县级行政区划数据...
2025-09-12 07:04:10,372 - INFO - 成功获取 江西省重要城市 的 2 个县级行政区划
2025-09-12 07:04:11,714 - INFO - 开始爬取 山东省 的市级行政区划数据...
2025-09-12 07:04:11,714 - INFO - 成功获取 山东省 的 2 个市级行政区划
2025-09-12 07:04:11,714 - INFO - 开始爬取 山东省省会城市 的县级行政区划数据...
2025-09-12 07:04:11,714 - INFO - 成功获取 山东省省会城市 的 2 个县级行政区划
2025-09-12 07:04:12,377 - INFO - 开始爬取 山东省重要城市 的县级行政区划数据...
2025-09-12 07:04:12,377 - INFO - 成功获取 山东省重要城市 的 2 个县级行政区划
2025-09-12 07:04:13,914 - INFO - 开始爬取 河南省 的市级行政区划数据...
2025-09-12 07:04:13,914 - INFO - 成功获取 河南省 的 2 个市级行政区划
2025-09-12 07:04:13,914 - INFO - 开始爬取 河南省省会城市 的县级行政区划数据...
2025-09-12 07:04:13,914 - INFO - 成功获取 河南省省会城市 的 2 个县级行政区划
2025-09-12 07:04:14,676 - INFO - 开始爬取 河南省重要城市 的县级行政区划数据...
2025-09-12 07:04:14,676 - INFO - 成功获取 河南省重要城市 的 2 个县级行政区划
2025-09-12 07:04:16,235 - INFO - 开始爬取 湖北省 的市级行政区划数据...
2025-09-12 07:04:16,235 - INFO - 成功获取 湖北省 的 2 个市级行政区划
2025-09-12 07:04:16,235 - INFO - 开始爬取 湖北省省会城市 的县级行政区划数据...
2025-09-12 07:04:16,235 - INFO - 成功获取 湖北省省会城市 的 2 个县级行政区划
2025-09-12 07:04:17,086 - INFO - 开始爬取 湖北省重要城市 的县级行政区划数据...
2025-09-12 07:04:17,086 - INFO - 成功获取 湖北省重要城市 的 2 个县级行政区划
2025-09-12 07:04:18,458 - INFO - 开始爬取 湖南省 的市级行政区划数据...
2025-09-12 07:04:18,459 - INFO - 成功获取 湖南省 的 2 个市级行政区划
2025-09-12 07:04:18,459 - INFO - 开始爬取 湖南省省会城市 的县级行政区划数据...
2025-09-12 07:04:18,459 - INFO - 成功获取 湖南省省会城市 的 2 个县级行政区划
2025-09-12 07:04:19,244 - INFO - 开始爬取 湖南省重要城市 的县级行政区划数据...
2025-09-12 07:04:19,244 - INFO - 成功获取 湖南省重要城市 的 2 个县级行政区划
2025-09-12 07:04:21,153 - INFO - 开始爬取 广东省 的市级行政区划数据...
2025-09-12 07:04:21,153 - INFO - 成功获取 广东省 的 21 个市级行政区划
2025-09-12 07:04:21,153 - INFO - 开始爬取 广州市 的县级行政区划数据...
2025-09-12 07:04:21,153 - INFO - 成功获取 广州市 的 11 个县级行政区划
2025-09-12 07:04:21,701 - INFO - 开始爬取 韶关市 的县级行政区划数据...
2025-09-12 07:04:21,701 - INFO - 成功获取 韶关市 的 2 个县级行政区划
2025-09-12 07:04:22,471 - INFO - 开始爬取 深圳市 的县级行政区划数据...
2025-09-12 07:04:22,471 - INFO - 成功获取 深圳市 的 2 个县级行政区划
2025-09-12 07:04:23,409 - INFO - 开始爬取 珠海市 的县级行政区划数据...
2025-09-12 07:04:23,409 - INFO - 成功获取 珠海市 的 2 个县级行政区划
2025-09-12 07:04:23,935 - INFO - 开始爬取 汕头市 的县级行政区划数据...
2025-09-12 07:04:23,935 - INFO - 成功获取 汕头市 的 2 个县级行政区划
2025-09-12 07:04:24,444 - INFO - 开始爬取 佛山市 的县级行政区划数据...
2025-09-12 07:04:24,444 - INFO - 成功获取 佛山市 的 2 个县级行政区划
2025-09-12 07:04:25,264 - INFO - 开始爬取 江门市 的县级行政区划数据...
2025-09-12 07:04:25,264 - INFO - 成功获取 江门市 的 2 个县级行政区划
2025-09-12 07:04:25,921 - INFO - 开始爬取 湛江市 的县级行政区划数据...
2025-09-12 07:04:25,921 - INFO - 成功获取 湛江市 的 2 个县级行政区划
2025-09-12 07:04:26,800 - INFO - 开始爬取 茂名市 的县级行政区划数据...
2025-09-12 07:04:26,800 - INFO - 成功获取 茂名市 的 2 个县级行政区划
2025-09-12 07:04:27,362 - INFO - 开始爬取 肇庆市 的县级行政区划数据...
2025-09-12 07:04:27,362 - INFO - 成功获取 肇庆市 的 2 个县级行政区划
2025-09-12 07:04:28,055 - INFO - 开始爬取 惠州市 的县级行政区划数据...
2025-09-12 07:04:28,055 - INFO - 成功获取 惠州市 的 2 个县级行政区划
2025-09-12 07:04:28,969 - INFO - 开始爬取 梅州市 的县级行政区划数据...
2025-09-12 07:04:28,969 - INFO - 成功获取 梅州市 的 2 个县级行政区划
2025-09-12 07:04:29,717 - INFO - 开始爬取 汕尾市 的县级行政区划数据...
2025-09-12 07:04:29,717 - INFO - 成功获取 汕尾市 的 2 个县级行政区划
2025-09-12 07:04:30,260 - INFO - 开始爬取 河源市 的县级行政区划数据...
2025-09-12 07:04:30,260 - INFO - 成功获取 河源市 的 2 个县级行政区划
2025-09-12 07:04:30,861 - INFO - 开始爬取 阳江市 的县级行政区划数据...
2025-09-12 07:04:30,861 - INFO - 成功获取 阳江市 的 2 个县级行政区划
2025-09-12 07:04:31,801 - INFO - 开始爬取 清远市 的县级行政区划数据...
2025-09-12 07:04:31,801 - INFO - 成功获取 清远市 的 2 个县级行政区划
2025-09-12 07:04:32,681 - INFO - 开始爬取 东莞市 的县级行政区划数据...
2025-09-12 07:04:32,681 - INFO - 成功获取 东莞市 的 2 个县级行政区划
2025-09-12 07:04:33,669 - INFO - 开始爬取 中山市 的县级行政区划数据...
2025-09-12 07:04:33,669 - INFO - 成功获取 中山市 的 2 个县级行政区划
2025-09-12 07:04:34,542 - INFO - 开始爬取 潮州市 的县级行政区划数据...
2025-09-12 07:04:34,542 - INFO - 成功获取 潮州市 的 2 个县级行政区划
2025-09-12 07:04:35,339 - INFO - 开始爬取 揭阳市 的县级行政区划数据...
2025-09-12 07:04:35,339 - INFO - 成功获取 揭阳市 的 2 个县级行政区划
2025-09-12 07:04:36,002 - INFO - 开始爬取 云浮市 的县级行政区划数据...
2025-09-12 07:04:36,002 - INFO - 成功获取 云浮市 的 2 个县级行政区划
2025-09-12 07:04:37,204 - INFO - 开始爬取 广西壮族自治区 的市级行政区划数据...
2025-09-12 07:04:37,204 - INFO - 成功获取 广西壮族自治区 的 2 个市级行政区划
2025-09-12 07:04:37,204 - INFO - 开始爬取 广西壮族自治区省会城市 的县级行政区划数据...
2025-09-12 07:04:37,204 - INFO - 成功获取 广西壮族自治区省会城市 的 2 个县级行政区划
2025-09-12 07:04:37,892 - INFO - 开始爬取 广西壮族自治区重要城市 的县级行政区划数据...
2025-09-12 07:04:37,892 - INFO - 成功获取 广西壮族自治区重要城市 的 2 个县级行政区划
2025-09-12 07:04:39,025 - INFO - 开始爬取 海南省 的市级行政区划数据...
2025-09-12 07:04:39,025 - INFO - 成功获取 海南省 的 2 个市级行政区划
2025-09-12 07:04:39,025 - INFO - 开始爬取 海南省省会城市 的县级行政区划数据...
2025-09-12 07:04:39,025 - INFO - 成功获取 海南省省会城市 的 2 个县级行政区划
2025-09-12 07:04:39,618 - INFO - 开始爬取 海南省重要城市 的县级行政区划数据...
2025-09-12 07:04:39,619 - INFO - 成功获取 海南省重要城市 的 2 个县级行政区划
2025-09-12 07:04:41,263 - INFO - 开始爬取 重庆市 的市级行政区划数据...
2025-09-12 07:04:41,263 - INFO - 成功获取 重庆市 的 2 个市级行政区划
2025-09-12 07:04:41,263 - INFO - 开始爬取 重庆市省会城市 的县级行政区划数据...
2025-09-12 07:04:41,263 - INFO - 成功获取 重庆市省会城市 的 2 个县级行政区划
2025-09-12 07:04:42,089 - INFO - 开始爬取 重庆市重要城市 的县级行政区划数据...
2025-09-12 07:04:42,089 - INFO - 成功获取 重庆市重要城市 的 2 个县级行政区划
2025-09-12 07:04:43,479 - INFO - 开始爬取 四川省 的市级行政区划数据...
2025-09-12 07:04:43,479 - INFO - 成功获取 四川省 的 2 个市级行政区划
2025-09-12 07:04:43,479 - INFO - 开始爬取 四川省省会城市 的县级行政区划数据...
2025-09-12 07:04:43,479 - INFO - 成功获取 四川省省会城市 的 2 个县级行政区划
2025-09-12 07:04:44,425 - INFO - 开始爬取 四川省重要城市 的县级行政区划数据...
2025-09-12 07:04:44,425 - INFO - 成功获取 四川省重要城市 的 2 个县级行政区划
2025-09-12 07:04:45,960 - INFO - 开始爬取 贵州省 的市级行政区划数据...
2025-09-12 07:04:45,960 - INFO - 成功获取 贵州省 的 2 个市级行政区划
2025-09-12 07:04:45,960 - INFO - 开始爬取 贵州省省会城市 的县级行政区划数据...
2025-09-12 07:04:45,960 - INFO - 成功获取 贵州省省会城市 的 2 个县级行政区划
2025-09-12 07:04:46,945 - INFO - 开始爬取 贵州省重要城市 的县级行政区划数据...
2025-09-12 07:04:46,945 - INFO - 成功获取 贵州省重要城市 的 2 个县级行政区划
2025-09-12 07:04:48,220 - INFO - 开始爬取 云南省 的市级行政区划数据...
2025-09-12 07:04:48,220 - INFO - 成功获取 云南省 的 2 个市级行政区划
2025-09-12 07:04:48,220 - INFO - 开始爬取 云南省省会城市 的县级行政区划数据...
2025-09-12 07:04:48,220 - INFO - 成功获取 云南省省会城市 的 2 个县级行政区划
2025-09-12 07:04:49,087 - INFO - 开始爬取 云南省重要城市 的县级行政区划数据...
2025-09-12 07:04:49,087 - INFO - 成功获取 云南省重要城市 的 2 个县级行政区划
2025-09-12 07:04:50,398 - INFO - 开始爬取 西藏自治区 的市级行政区划数据...
2025-09-12 07:04:50,398 - INFO - 成功获取 西藏自治区 的 2 个市级行政区划
2025-09-12 07:04:50,398 - INFO - 开始爬取 西藏自治区省会城市 的县级行政区划数据...
2025-09-12 07:04:50,398 - INFO - 成功获取 西藏自治区省会城市 的 2 个县级行政区划
2025-09-12 07:04:51,022 - INFO - 开始爬取 西藏自治区重要城市 的县级行政区划数据...
2025-09-12 07:04:51,022 - INFO - 成功获取 西藏自治区重要城市 的 2 个县级行政区划
2025-09-12 07:04:52,626 - INFO - 开始爬取 陕西省 的市级行政区划数据...
2025-09-12 07:04:52,626 - INFO - 成功获取 陕西省 的 2 个市级行政区划
2025-09-12 07:04:52,626 - INFO - 开始爬取 陕西省省会城市 的县级行政区划数据...
2025-09-12 07:04:52,626 - INFO - 成功获取 陕西省省会城市 的 2 个县级行政区划
2025-09-12 07:04:53,204 - INFO - 开始爬取 陕西省重要城市 的县级行政区划数据...
2025-09-12 07:04:53,204 - INFO - 成功获取 陕西省重要城市 的 2 个县级行政区划
2025-09-12 07:04:54,967 - INFO - 开始爬取 甘肃省 的市级行政区划数据...
2025-09-12 07:04:54,967 - INFO - 成功获取 甘肃省 的 2 个市级行政区划
2025-09-12 07:04:54,967 - INFO - 开始爬取 甘肃省省会城市 的县级行政区划数据...
2025-09-12 07:04:54,967 - INFO - 成功获取 甘肃省省会城市 的 2 个县级行政区划
2025-09-12 07:04:55,808 - INFO - 开始爬取 甘肃省重要城市 的县级行政区划数据...
2025-09-12 07:04:55,808 - INFO - 成功获取 甘肃省重要城市 的 2 个县级行政区划
2025-09-12 07:04:57,220 - INFO - 开始爬取 青海省 的市级行政区划数据...
2025-09-12 07:04:57,220 - INFO - 成功获取 青海省 的 2 个市级行政区划
2025-09-12 07:04:57,220 - INFO - 开始爬取 青海省省会城市 的县级行政区划数据...
2025-09-12 07:04:57,220 - INFO - 成功获取 青海省省会城市 的 2 个县级行政区划
2025-09-12 07:04:58,045 - INFO - 开始爬取 青海省重要城市 的县级行政区划数据...
2025-09-12 07:04:58,045 - INFO - 成功获取 青海省重要城市 的 2 个县级行政区划
2025-09-12 07:04:59,645 - INFO - 开始爬取 宁夏回族自治区 的市级行政区划数据...
2025-09-12 07:04:59,645 - INFO - 成功获取 宁夏回族自治区 的 2 个市级行政区划
2025-09-12 07:04:59,645 - INFO - 开始爬取 宁夏回族自治区省会城市 的县级行政区划数据...
2025-09-12 07:04:59,645 - INFO - 成功获取 宁夏回族自治区省会城市 的 2 个县级行政区划
2025-09-12 07:05:00,540 - INFO - 开始爬取 宁夏回族自治区重要城市 的县级行政区划数据...
2025-09-12 07:05:00,540 - INFO - 成功获取 宁夏回族自治区重要城市 的 2 个县级行政区划
2025-09-12 07:05:02,231 - INFO - 开始爬取 新疆维吾尔自治区 的市级行政区划数据...
2025-09-12 07:05:02,232 - INFO - 成功获取 新疆维吾尔自治区 的 2 个市级行政区划
2025-09-12 07:05:02,232 - INFO - 开始爬取 新疆维吾尔自治区省会城市 的县级行政区划数据...
2025-09-12 07:05:02,232 - INFO - 成功获取 新疆维吾尔自治区省会城市 的 2 个县级行政区划
2025-09-12 07:05:02,910 - INFO - 开始爬取 新疆维吾尔自治区重要城市 的县级行政区划数据...
2025-09-12 07:05:02,910 - INFO - 成功获取 新疆维吾尔自治区重要城市 的 2 个县级行政区划
2025-09-12 07:05:04,335 - INFO - 开始爬取 台湾省 的市级行政区划数据...
2025-09-12 07:05:04,335 - INFO - 成功获取 台湾省 的 2 个市级行政区划
2025-09-12 07:05:04,335 - INFO - 开始爬取 台湾省省会城市 的县级行政区划数据...
2025-09-12 07:05:04,335 - INFO - 成功获取 台湾省省会城市 的 2 个县级行政区划
2025-09-12 07:05:04,938 - INFO - 开始爬取 台湾省重要城市 的县级行政区划数据...
2025-09-12 07:05:04,938 - INFO - 成功获取 台湾省重要城市 的 2 个县级行政区划
2025-09-12 07:05:06,578 - INFO - 开始爬取 香港特别行政区 的市级行政区划数据...
2025-09-12 07:05:06,578 - INFO - 成功获取 香港特别行政区 的 2 个市级行政区划
2025-09-12 07:05:06,578 - INFO - 开始爬取 香港特别行政区省会城市 的县级行政区划数据...
2025-09-12 07:05:06,578 - INFO - 成功获取 香港特别行政区省会城市 的 2 个县级行政区划
2025-09-12 07:05:07,404 - INFO - 开始爬取 香港特别行政区重要城市 的县级行政区划数据...
2025-09-12 07:05:07,405 - INFO - 成功获取 香港特别行政区重要城市 的 2 个县级行政区划
2025-09-12 07:05:08,945 - INFO - 开始爬取 澳门特别行政区 的市级行政区划数据...
2025-09-12 07:05:08,945 - INFO - 成功获取 澳门特别行政区 的 2 个市级行政区划
2025-09-12 07:05:08,945 - INFO - 开始爬取 澳门特别行政区省会城市 的县级行政区划数据...
2025-09-12 07:05:08,945 - INFO - 成功获取 澳门特别行政区省会城市 的 2 个县级行政区划
2025-09-12 07:05:09,456 - INFO - 开始爬取 澳门特别行政区重要城市 的县级行政区划数据...
2025-09-12 07:05:09,456 - INFO - 成功获取 澳门特别行政区重要城市 的 2 个县级行政区划
2025-09-12 07:05:11,100 - INFO - 行政区划数据爬取完成！
2025-09-12 07:05:11,100 - INFO - 总计爬取：34 个省份，105 个城市，242 个区县
2025-09-12 07:05:11,102 - INFO - 数据已保存到 regions_data.json
2025-09-12 07:05:11,103 - INFO - 数据已保存到 regions_data.csv
2025-09-12 07:06:19,284 - INFO - 开始爬取全国行政区划数据...
2025-09-12 07:06:19,284 - INFO - 开始爬取省级行政区划数据...
2025-09-12 07:06:19,284 - INFO - 成功获取 34 个省级行政区划
2025-09-12 07:06:19,284 - INFO - 开始爬取 北京市 的市级行政区划数据...
2025-09-12 07:06:19,284 - INFO - 成功获取 北京市 的 1 个市级行政区划
2025-09-12 07:06:19,284 - INFO - 开始爬取 北京市 的县级行政区划数据...
2025-09-12 07:06:19,284 - INFO - 成功获取 北京市 的 16 个县级行政区划
2025-09-12 07:06:20,470 - INFO - 开始爬取 天津市 的市级行政区划数据...
2025-09-12 07:06:20,470 - INFO - 成功获取 天津市 的 1 个市级行政区划
2025-09-12 07:06:20,470 - INFO - 开始爬取 天津市 的县级行政区划数据...
2025-09-12 07:06:20,470 - INFO - 成功获取 天津市 的 2 个县级行政区划
2025-09-12 07:06:22,064 - INFO - 开始爬取 河北省 的市级行政区划数据...
2025-09-12 07:06:22,064 - INFO - 成功获取 河北省 的 11 个市级行政区划
2025-09-12 07:06:22,064 - INFO - 开始爬取 石家庄市 的县级行政区划数据...
2025-09-12 07:06:22,064 - INFO - 成功获取 石家庄市 的 2 个县级行政区划
2025-09-12 07:06:23,032 - INFO - 开始爬取 唐山市 的县级行政区划数据...
2025-09-12 07:06:23,032 - INFO - 成功获取 唐山市 的 2 个县级行政区划
2025-09-12 07:06:23,600 - INFO - 开始爬取 秦皇岛市 的县级行政区划数据...
2025-09-12 07:06:23,600 - INFO - 成功获取 秦皇岛市 的 2 个县级行政区划
2025-09-12 07:06:24,574 - INFO - 开始爬取 邯郸市 的县级行政区划数据...
2025-09-12 07:06:24,574 - INFO - 成功获取 邯郸市 的 2 个县级行政区划
2025-09-12 07:06:25,180 - INFO - 开始爬取 邢台市 的县级行政区划数据...
2025-09-12 07:06:25,180 - INFO - 成功获取 邢台市 的 2 个县级行政区划
2025-09-12 07:06:25,819 - INFO - 开始爬取 保定市 的县级行政区划数据...
2025-09-12 07:06:25,819 - INFO - 成功获取 保定市 的 2 个县级行政区划
2025-09-12 07:06:26,386 - INFO - 开始爬取 张家口市 的县级行政区划数据...
2025-09-12 07:06:26,386 - INFO - 成功获取 张家口市 的 2 个县级行政区划
2025-09-12 07:06:27,071 - INFO - 开始爬取 承德市 的县级行政区划数据...
2025-09-12 07:06:27,071 - INFO - 成功获取 承德市 的 2 个县级行政区划
2025-09-12 07:06:27,780 - INFO - 开始爬取 沧州市 的县级行政区划数据...
2025-09-12 07:06:27,780 - INFO - 成功获取 沧州市 的 2 个县级行政区划
2025-09-12 07:06:28,713 - INFO - 开始爬取 廊坊市 的县级行政区划数据...
2025-09-12 07:06:28,713 - INFO - 成功获取 廊坊市 的 2 个县级行政区划
2025-09-12 07:06:29,329 - INFO - 开始爬取 衡水市 的县级行政区划数据...
2025-09-12 07:06:29,329 - INFO - 成功获取 衡水市 的 2 个县级行政区划
2025-09-12 07:06:30,867 - INFO - 开始爬取 山西省 的市级行政区划数据...
2025-09-12 07:06:30,867 - INFO - 成功获取 山西省 的 2 个市级行政区划
2025-09-12 07:06:30,867 - INFO - 开始爬取 山西省省会城市 的县级行政区划数据...
2025-09-12 07:06:30,867 - INFO - 成功获取 山西省省会城市 的 2 个县级行政区划
2025-09-12 07:06:31,531 - INFO - 开始爬取 山西省重要城市 的县级行政区划数据...
2025-09-12 07:06:31,532 - INFO - 成功获取 山西省重要城市 的 2 个县级行政区划
2025-09-12 07:06:33,368 - INFO - 开始爬取 内蒙古自治区 的市级行政区划数据...
2025-09-12 07:06:33,368 - INFO - 成功获取 内蒙古自治区 的 2 个市级行政区划
2025-09-12 07:06:33,368 - INFO - 开始爬取 内蒙古自治区省会城市 的县级行政区划数据...
2025-09-12 07:06:33,368 - INFO - 成功获取 内蒙古自治区省会城市 的 2 个县级行政区划
2025-09-12 07:06:34,217 - INFO - 开始爬取 内蒙古自治区重要城市 的县级行政区划数据...
2025-09-12 07:06:34,217 - INFO - 成功获取 内蒙古自治区重要城市 的 2 个县级行政区划
2025-09-12 07:06:35,620 - INFO - 开始爬取 辽宁省 的市级行政区划数据...
2025-09-12 07:06:35,620 - INFO - 成功获取 辽宁省 的 2 个市级行政区划
2025-09-12 07:06:35,620 - INFO - 开始爬取 辽宁省省会城市 的县级行政区划数据...
2025-09-12 07:06:35,620 - INFO - 成功获取 辽宁省省会城市 的 2 个县级行政区划
2025-09-12 07:06:36,359 - INFO - 开始爬取 辽宁省重要城市 的县级行政区划数据...
2025-09-12 07:06:36,359 - INFO - 成功获取 辽宁省重要城市 的 2 个县级行政区划
2025-09-12 07:06:38,241 - INFO - 开始爬取 吉林省 的市级行政区划数据...
2025-09-12 07:06:38,241 - INFO - 成功获取 吉林省 的 2 个市级行政区划
2025-09-12 07:06:38,241 - INFO - 开始爬取 吉林省省会城市 的县级行政区划数据...
2025-09-12 07:06:38,241 - INFO - 成功获取 吉林省省会城市 的 2 个县级行政区划
2025-09-12 07:06:38,765 - INFO - 开始爬取 吉林省重要城市 的县级行政区划数据...
2025-09-12 07:06:38,765 - INFO - 成功获取 吉林省重要城市 的 2 个县级行政区划
2025-09-12 07:06:40,489 - INFO - 开始爬取 黑龙江省 的市级行政区划数据...
2025-09-12 07:06:40,489 - INFO - 成功获取 黑龙江省 的 2 个市级行政区划
2025-09-12 07:06:40,489 - INFO - 开始爬取 黑龙江省省会城市 的县级行政区划数据...
2025-09-12 07:06:40,489 - INFO - 成功获取 黑龙江省省会城市 的 2 个县级行政区划
2025-09-12 07:06:41,445 - INFO - 开始爬取 黑龙江省重要城市 的县级行政区划数据...
2025-09-12 07:06:41,445 - INFO - 成功获取 黑龙江省重要城市 的 2 个县级行政区划
2025-09-12 07:06:42,774 - INFO - 开始爬取 上海市 的市级行政区划数据...
2025-09-12 07:06:42,775 - INFO - 成功获取 上海市 的 2 个市级行政区划
2025-09-12 07:06:42,775 - INFO - 开始爬取 上海市省会城市 的县级行政区划数据...
2025-09-12 07:06:42,775 - INFO - 成功获取 上海市省会城市 的 2 个县级行政区划
2025-09-12 07:06:43,446 - INFO - 开始爬取 上海市重要城市 的县级行政区划数据...
2025-09-12 07:06:43,446 - INFO - 成功获取 上海市重要城市 的 2 个县级行政区划
2025-09-12 07:06:45,115 - INFO - 开始爬取 江苏省 的市级行政区划数据...
2025-09-12 07:06:45,116 - INFO - 成功获取 江苏省 的 13 个市级行政区划
2025-09-12 07:06:45,116 - INFO - 开始爬取 南京市 的县级行政区划数据...
2025-09-12 07:06:45,116 - INFO - 成功获取 南京市 的 11 个县级行政区划
2025-09-12 07:06:45,773 - INFO - 开始爬取 无锡市 的县级行政区划数据...
2025-09-12 07:06:45,773 - INFO - 成功获取 无锡市 的 2 个县级行政区划
2025-09-12 07:06:46,340 - INFO - 开始爬取 徐州市 的县级行政区划数据...
2025-09-12 07:06:46,340 - INFO - 成功获取 徐州市 的 2 个县级行政区划
2025-09-12 07:06:47,039 - INFO - 开始爬取 常州市 的县级行政区划数据...
2025-09-12 07:06:47,039 - INFO - 成功获取 常州市 的 2 个县级行政区划
2025-09-12 07:06:47,832 - INFO - 开始爬取 苏州市 的县级行政区划数据...
2025-09-12 07:06:47,832 - INFO - 成功获取 苏州市 的 2 个县级行政区划
2025-09-12 07:06:48,754 - INFO - 开始爬取 南通市 的县级行政区划数据...
2025-09-12 07:06:48,754 - INFO - 成功获取 南通市 的 2 个县级行政区划
2025-09-12 07:06:49,668 - INFO - 开始爬取 连云港市 的县级行政区划数据...
2025-09-12 07:06:49,668 - INFO - 成功获取 连云港市 的 2 个县级行政区划
2025-09-12 07:06:50,487 - INFO - 开始爬取 淮安市 的县级行政区划数据...
2025-09-12 07:06:50,487 - INFO - 成功获取 淮安市 的 2 个县级行政区划
2025-09-12 07:06:51,401 - INFO - 开始爬取 盐城市 的县级行政区划数据...
2025-09-12 07:06:51,401 - INFO - 成功获取 盐城市 的 2 个县级行政区划
2025-09-12 07:06:52,393 - INFO - 开始爬取 扬州市 的县级行政区划数据...
2025-09-12 07:06:52,393 - INFO - 成功获取 扬州市 的 2 个县级行政区划
2025-09-12 07:06:53,091 - INFO - 开始爬取 镇江市 的县级行政区划数据...
2025-09-12 07:06:53,091 - INFO - 成功获取 镇江市 的 2 个县级行政区划
2025-09-12 07:06:53,963 - INFO - 开始爬取 泰州市 的县级行政区划数据...
2025-09-12 07:06:53,963 - INFO - 成功获取 泰州市 的 2 个县级行政区划
2025-09-12 07:06:54,706 - INFO - 开始爬取 宿迁市 的县级行政区划数据...
2025-09-12 07:06:54,706 - INFO - 成功获取 宿迁市 的 2 个县级行政区划
2025-09-12 07:06:56,145 - INFO - 开始爬取 浙江省 的市级行政区划数据...
2025-09-12 07:06:56,145 - INFO - 成功获取 浙江省 的 2 个市级行政区划
2025-09-12 07:06:56,145 - INFO - 开始爬取 浙江省省会城市 的县级行政区划数据...
2025-09-12 07:06:56,146 - INFO - 成功获取 浙江省省会城市 的 2 个县级行政区划
2025-09-12 07:06:57,087 - INFO - 开始爬取 浙江省重要城市 的县级行政区划数据...
2025-09-12 07:06:57,087 - INFO - 成功获取 浙江省重要城市 的 2 个县级行政区划
2025-09-12 07:06:58,977 - INFO - 开始爬取 安徽省 的市级行政区划数据...
2025-09-12 07:06:58,977 - INFO - 成功获取 安徽省 的 2 个市级行政区划
2025-09-12 07:06:58,977 - INFO - 开始爬取 安徽省省会城市 的县级行政区划数据...
2025-09-12 07:06:58,978 - INFO - 成功获取 安徽省省会城市 的 2 个县级行政区划
2025-09-12 07:06:59,809 - INFO - 开始爬取 安徽省重要城市 的县级行政区划数据...
2025-09-12 07:06:59,809 - INFO - 成功获取 安徽省重要城市 的 2 个县级行政区划
2025-09-12 07:07:01,466 - INFO - 开始爬取 福建省 的市级行政区划数据...
2025-09-12 07:07:01,466 - INFO - 成功获取 福建省 的 2 个市级行政区划
2025-09-12 07:07:01,466 - INFO - 开始爬取 福建省省会城市 的县级行政区划数据...
2025-09-12 07:07:01,466 - INFO - 成功获取 福建省省会城市 的 2 个县级行政区划
2025-09-12 07:07:02,304 - INFO - 开始爬取 福建省重要城市 的县级行政区划数据...
2025-09-12 07:07:02,304 - INFO - 成功获取 福建省重要城市 的 2 个县级行政区划
2025-09-12 07:07:04,143 - INFO - 开始爬取 江西省 的市级行政区划数据...
2025-09-12 07:07:04,143 - INFO - 成功获取 江西省 的 2 个市级行政区划
2025-09-12 07:07:04,143 - INFO - 开始爬取 江西省省会城市 的县级行政区划数据...
2025-09-12 07:07:04,144 - INFO - 成功获取 江西省省会城市 的 2 个县级行政区划
2025-09-12 07:07:04,680 - INFO - 开始爬取 江西省重要城市 的县级行政区划数据...
2025-09-12 07:07:04,680 - INFO - 成功获取 江西省重要城市 的 2 个县级行政区划
2025-09-12 07:07:05,986 - INFO - 开始爬取 山东省 的市级行政区划数据...
2025-09-12 07:07:05,986 - INFO - 成功获取 山东省 的 2 个市级行政区划
2025-09-12 07:07:05,986 - INFO - 开始爬取 山东省省会城市 的县级行政区划数据...
2025-09-12 07:07:05,986 - INFO - 成功获取 山东省省会城市 的 2 个县级行政区划
2025-09-12 07:07:06,524 - INFO - 开始爬取 山东省重要城市 的县级行政区划数据...
2025-09-12 07:07:06,524 - INFO - 成功获取 山东省重要城市 的 2 个县级行政区划
2025-09-12 07:07:08,020 - INFO - 开始爬取 河南省 的市级行政区划数据...
2025-09-12 07:07:08,020 - INFO - 成功获取 河南省 的 2 个市级行政区划
2025-09-12 07:07:08,020 - INFO - 开始爬取 河南省省会城市 的县级行政区划数据...
2025-09-12 07:07:08,020 - INFO - 成功获取 河南省省会城市 的 2 个县级行政区划
2025-09-12 07:07:08,929 - INFO - 开始爬取 河南省重要城市 的县级行政区划数据...
2025-09-12 07:07:08,929 - INFO - 成功获取 河南省重要城市 的 2 个县级行政区划
2025-09-12 07:07:10,417 - INFO - 开始爬取 湖北省 的市级行政区划数据...
2025-09-12 07:07:10,417 - INFO - 成功获取 湖北省 的 2 个市级行政区划
2025-09-12 07:07:10,417 - INFO - 开始爬取 湖北省省会城市 的县级行政区划数据...
2025-09-12 07:07:10,417 - INFO - 成功获取 湖北省省会城市 的 2 个县级行政区划
2025-09-12 07:07:11,249 - INFO - 开始爬取 湖北省重要城市 的县级行政区划数据...
2025-09-12 07:07:11,249 - INFO - 成功获取 湖北省重要城市 的 2 个县级行政区划
2025-09-12 07:07:13,157 - INFO - 开始爬取 湖南省 的市级行政区划数据...
2025-09-12 07:07:13,157 - INFO - 成功获取 湖南省 的 2 个市级行政区划
2025-09-12 07:07:13,157 - INFO - 开始爬取 湖南省省会城市 的县级行政区划数据...
2025-09-12 07:07:13,157 - INFO - 成功获取 湖南省省会城市 的 2 个县级行政区划
2025-09-12 07:07:13,731 - INFO - 开始爬取 湖南省重要城市 的县级行政区划数据...
2025-09-12 07:07:13,731 - INFO - 成功获取 湖南省重要城市 的 2 个县级行政区划
2025-09-12 07:07:15,007 - INFO - 开始爬取 广东省 的市级行政区划数据...
2025-09-12 07:07:15,007 - INFO - 成功获取 广东省 的 21 个市级行政区划
2025-09-12 07:07:15,007 - INFO - 开始爬取 广州市 的县级行政区划数据...
2025-09-12 07:07:15,007 - INFO - 成功获取 广州市 的 11 个县级行政区划
2025-09-12 07:07:15,520 - INFO - 开始爬取 韶关市 的县级行政区划数据...
2025-09-12 07:07:15,520 - INFO - 成功获取 韶关市 的 2 个县级行政区划
2025-09-12 07:07:16,295 - INFO - 开始爬取 深圳市 的县级行政区划数据...
2025-09-12 07:07:16,295 - INFO - 成功获取 深圳市 的 2 个县级行政区划
2025-09-12 07:07:16,900 - INFO - 开始爬取 珠海市 的县级行政区划数据...
2025-09-12 07:07:16,900 - INFO - 成功获取 珠海市 的 2 个县级行政区划
2025-09-12 07:07:17,612 - INFO - 开始爬取 汕头市 的县级行政区划数据...
2025-09-12 07:07:17,612 - INFO - 成功获取 汕头市 的 2 个县级行政区划
2025-09-12 07:07:18,494 - INFO - 开始爬取 佛山市 的县级行政区划数据...
2025-09-12 07:07:18,494 - INFO - 成功获取 佛山市 的 2 个县级行政区划
2025-09-12 07:07:19,069 - INFO - 开始爬取 江门市 的县级行政区划数据...
2025-09-12 07:07:19,069 - INFO - 成功获取 江门市 的 2 个县级行政区划
2025-09-12 07:07:19,761 - INFO - 开始爬取 湛江市 的县级行政区划数据...
2025-09-12 07:07:19,761 - INFO - 成功获取 湛江市 的 2 个县级行政区划
2025-09-12 07:07:20,532 - INFO - 开始爬取 茂名市 的县级行政区划数据...
2025-09-12 07:07:20,532 - INFO - 成功获取 茂名市 的 2 个县级行政区划
2025-09-12 07:07:21,056 - INFO - 开始爬取 肇庆市 的县级行政区划数据...
2025-09-12 07:07:21,056 - INFO - 成功获取 肇庆市 的 2 个县级行政区划
2025-09-12 07:07:21,877 - INFO - 开始爬取 惠州市 的县级行政区划数据...
2025-09-12 07:07:21,878 - INFO - 成功获取 惠州市 的 2 个县级行政区划
2025-09-12 07:07:22,416 - INFO - 开始爬取 梅州市 的县级行政区划数据...
2025-09-12 07:07:22,416 - INFO - 成功获取 梅州市 的 2 个县级行政区划
2025-09-12 07:07:23,239 - INFO - 开始爬取 汕尾市 的县级行政区划数据...
2025-09-12 07:07:23,239 - INFO - 成功获取 汕尾市 的 2 个县级行政区划
2025-09-12 07:07:23,894 - INFO - 开始爬取 河源市 的县级行政区划数据...
2025-09-12 07:07:23,894 - INFO - 成功获取 河源市 的 2 个县级行政区划
2025-09-12 07:07:24,864 - INFO - 开始爬取 阳江市 的县级行政区划数据...
2025-09-12 07:07:24,864 - INFO - 成功获取 阳江市 的 2 个县级行政区划
2025-09-12 07:07:25,771 - INFO - 开始爬取 清远市 的县级行政区划数据...
2025-09-12 07:07:25,771 - INFO - 成功获取 清远市 的 2 个县级行政区划
2025-09-12 07:07:26,742 - INFO - 开始爬取 东莞市 的县级行政区划数据...
2025-09-12 07:07:26,742 - INFO - 成功获取 东莞市 的 2 个县级行政区划
2025-09-12 07:07:27,558 - INFO - 开始爬取 中山市 的县级行政区划数据...
2025-09-12 07:07:27,558 - INFO - 成功获取 中山市 的 2 个县级行政区划
2025-09-12 07:07:28,195 - INFO - 开始爬取 潮州市 的县级行政区划数据...
2025-09-12 07:07:28,195 - INFO - 成功获取 潮州市 的 2 个县级行政区划
2025-09-12 07:07:28,721 - INFO - 开始爬取 揭阳市 的县级行政区划数据...
2025-09-12 07:07:28,721 - INFO - 成功获取 揭阳市 的 2 个县级行政区划
2025-09-12 07:07:29,620 - INFO - 开始爬取 云浮市 的县级行政区划数据...
2025-09-12 07:07:29,620 - INFO - 成功获取 云浮市 的 2 个县级行政区划
2025-09-12 07:07:31,142 - INFO - 开始爬取 广西壮族自治区 的市级行政区划数据...
2025-09-12 07:07:31,142 - INFO - 成功获取 广西壮族自治区 的 2 个市级行政区划
2025-09-12 07:07:31,142 - INFO - 开始爬取 广西壮族自治区省会城市 的县级行政区划数据...
2025-09-12 07:07:31,143 - INFO - 成功获取 广西壮族自治区省会城市 的 2 个县级行政区划
2025-09-12 07:07:32,085 - INFO - 开始爬取 广西壮族自治区重要城市 的县级行政区划数据...
2025-09-12 07:07:32,085 - INFO - 成功获取 广西壮族自治区重要城市 的 2 个县级行政区划
2025-09-12 07:07:33,354 - INFO - 开始爬取 海南省 的市级行政区划数据...
2025-09-12 07:07:33,354 - INFO - 成功获取 海南省 的 2 个市级行政区划
2025-09-12 07:07:33,354 - INFO - 开始爬取 海南省省会城市 的县级行政区划数据...
2025-09-12 07:07:33,354 - INFO - 成功获取 海南省省会城市 的 2 个县级行政区划
2025-09-12 07:07:34,269 - INFO - 开始爬取 海南省重要城市 的县级行政区划数据...
2025-09-12 07:07:34,269 - INFO - 成功获取 海南省重要城市 的 2 个县级行政区划
2025-09-12 07:07:35,767 - INFO - 开始爬取 重庆市 的市级行政区划数据...
2025-09-12 07:07:35,767 - INFO - 成功获取 重庆市 的 2 个市级行政区划
2025-09-12 07:07:35,767 - INFO - 开始爬取 重庆市省会城市 的县级行政区划数据...
2025-09-12 07:07:35,768 - INFO - 成功获取 重庆市省会城市 的 2 个县级行政区划
2025-09-12 07:07:36,348 - INFO - 开始爬取 重庆市重要城市 的县级行政区划数据...
2025-09-12 07:07:36,349 - INFO - 成功获取 重庆市重要城市 的 2 个县级行政区划
2025-09-12 07:07:37,699 - INFO - 开始爬取 四川省 的市级行政区划数据...
2025-09-12 07:07:37,699 - INFO - 成功获取 四川省 的 2 个市级行政区划
2025-09-12 07:07:37,699 - INFO - 开始爬取 四川省省会城市 的县级行政区划数据...
2025-09-12 07:07:37,699 - INFO - 成功获取 四川省省会城市 的 2 个县级行政区划
2025-09-12 07:07:38,311 - INFO - 开始爬取 四川省重要城市 的县级行政区划数据...
2025-09-12 07:07:38,312 - INFO - 成功获取 四川省重要城市 的 2 个县级行政区划
2025-09-12 07:07:39,771 - INFO - 开始爬取 贵州省 的市级行政区划数据...
2025-09-12 07:07:39,771 - INFO - 成功获取 贵州省 的 2 个市级行政区划
2025-09-12 07:07:39,771 - INFO - 开始爬取 贵州省省会城市 的县级行政区划数据...
2025-09-12 07:07:39,771 - INFO - 成功获取 贵州省省会城市 的 2 个县级行政区划
2025-09-12 07:07:40,559 - INFO - 开始爬取 贵州省重要城市 的县级行政区划数据...
2025-09-12 07:07:40,559 - INFO - 成功获取 贵州省重要城市 的 2 个县级行政区划
2025-09-12 07:07:42,297 - INFO - 开始爬取 云南省 的市级行政区划数据...
2025-09-12 07:07:42,297 - INFO - 成功获取 云南省 的 2 个市级行政区划
2025-09-12 07:07:42,297 - INFO - 开始爬取 云南省省会城市 的县级行政区划数据...
2025-09-12 07:07:42,297 - INFO - 成功获取 云南省省会城市 的 2 个县级行政区划
2025-09-12 07:07:42,986 - INFO - 开始爬取 云南省重要城市 的县级行政区划数据...
2025-09-12 07:07:42,986 - INFO - 成功获取 云南省重要城市 的 2 个县级行政区划
2025-09-12 07:07:44,393 - INFO - 开始爬取 西藏自治区 的市级行政区划数据...
2025-09-12 07:07:44,393 - INFO - 成功获取 西藏自治区 的 2 个市级行政区划
2025-09-12 07:07:44,393 - INFO - 开始爬取 西藏自治区省会城市 的县级行政区划数据...
2025-09-12 07:07:44,393 - INFO - 成功获取 西藏自治区省会城市 的 2 个县级行政区划
2025-09-12 07:07:45,384 - INFO - 开始爬取 西藏自治区重要城市 的县级行政区划数据...
2025-09-12 07:07:45,384 - INFO - 成功获取 西藏自治区重要城市 的 2 个县级行政区划
2025-09-12 07:07:46,711 - INFO - 开始爬取 陕西省 的市级行政区划数据...
2025-09-12 07:07:46,711 - INFO - 成功获取 陕西省 的 2 个市级行政区划
2025-09-12 07:07:46,711 - INFO - 开始爬取 陕西省省会城市 的县级行政区划数据...
2025-09-12 07:07:46,711 - INFO - 成功获取 陕西省省会城市 的 2 个县级行政区划
2025-09-12 07:07:47,250 - INFO - 开始爬取 陕西省重要城市 的县级行政区划数据...
2025-09-12 07:07:47,250 - INFO - 成功获取 陕西省重要城市 的 2 个县级行政区划
2025-09-12 07:07:48,690 - INFO - 开始爬取 甘肃省 的市级行政区划数据...
2025-09-12 07:07:48,690 - INFO - 成功获取 甘肃省 的 2 个市级行政区划
2025-09-12 07:07:48,690 - INFO - 开始爬取 甘肃省省会城市 的县级行政区划数据...
2025-09-12 07:07:48,690 - INFO - 成功获取 甘肃省省会城市 的 2 个县级行政区划
2025-09-12 07:07:49,420 - INFO - 开始爬取 甘肃省重要城市 的县级行政区划数据...
2025-09-12 07:07:49,421 - INFO - 成功获取 甘肃省重要城市 的 2 个县级行政区划
2025-09-12 07:07:50,893 - INFO - 开始爬取 青海省 的市级行政区划数据...
2025-09-12 07:07:50,893 - INFO - 成功获取 青海省 的 2 个市级行政区划
2025-09-12 07:07:50,893 - INFO - 开始爬取 青海省省会城市 的县级行政区划数据...
2025-09-12 07:07:50,893 - INFO - 成功获取 青海省省会城市 的 2 个县级行政区划
2025-09-12 07:07:51,563 - INFO - 开始爬取 青海省重要城市 的县级行政区划数据...
2025-09-12 07:07:51,563 - INFO - 成功获取 青海省重要城市 的 2 个县级行政区划
2025-09-12 07:07:53,228 - INFO - 开始爬取 宁夏回族自治区 的市级行政区划数据...
2025-09-12 07:07:53,228 - INFO - 成功获取 宁夏回族自治区 的 2 个市级行政区划
2025-09-12 07:07:53,228 - INFO - 开始爬取 宁夏回族自治区省会城市 的县级行政区划数据...
2025-09-12 07:07:53,228 - INFO - 成功获取 宁夏回族自治区省会城市 的 2 个县级行政区划
2025-09-12 07:07:54,020 - INFO - 开始爬取 宁夏回族自治区重要城市 的县级行政区划数据...
2025-09-12 07:07:54,020 - INFO - 成功获取 宁夏回族自治区重要城市 的 2 个县级行政区划
2025-09-12 07:07:55,328 - INFO - 开始爬取 新疆维吾尔自治区 的市级行政区划数据...
2025-09-12 07:07:55,328 - INFO - 成功获取 新疆维吾尔自治区 的 2 个市级行政区划
2025-09-12 07:07:55,328 - INFO - 开始爬取 新疆维吾尔自治区省会城市 的县级行政区划数据...
2025-09-12 07:07:55,328 - INFO - 成功获取 新疆维吾尔自治区省会城市 的 2 个县级行政区划
2025-09-12 07:07:56,072 - INFO - 开始爬取 新疆维吾尔自治区重要城市 的县级行政区划数据...
2025-09-12 07:07:56,072 - INFO - 成功获取 新疆维吾尔自治区重要城市 的 2 个县级行政区划
2025-09-12 07:07:57,530 - INFO - 开始爬取 台湾省 的市级行政区划数据...
2025-09-12 07:07:57,531 - INFO - 成功获取 台湾省 的 2 个市级行政区划
2025-09-12 07:07:57,531 - INFO - 开始爬取 台湾省省会城市 的县级行政区划数据...
2025-09-12 07:07:57,531 - INFO - 成功获取 台湾省省会城市 的 2 个县级行政区划
2025-09-12 07:07:58,439 - INFO - 开始爬取 台湾省重要城市 的县级行政区划数据...
2025-09-12 07:07:58,439 - INFO - 成功获取 台湾省重要城市 的 2 个县级行政区划
2025-09-12 07:07:59,592 - INFO - 开始爬取 香港特别行政区 的市级行政区划数据...
2025-09-12 07:07:59,592 - INFO - 成功获取 香港特别行政区 的 2 个市级行政区划
2025-09-12 07:07:59,592 - INFO - 开始爬取 香港特别行政区省会城市 的县级行政区划数据...
2025-09-12 07:07:59,592 - INFO - 成功获取 香港特别行政区省会城市 的 2 个县级行政区划
2025-09-12 07:08:00,105 - INFO - 开始爬取 香港特别行政区重要城市 的县级行政区划数据...
2025-09-12 07:08:00,105 - INFO - 成功获取 香港特别行政区重要城市 的 2 个县级行政区划
2025-09-12 07:08:01,259 - INFO - 开始爬取 澳门特别行政区 的市级行政区划数据...
2025-09-12 07:08:01,259 - INFO - 成功获取 澳门特别行政区 的 2 个市级行政区划
2025-09-12 07:08:01,259 - INFO - 开始爬取 澳门特别行政区省会城市 的县级行政区划数据...
2025-09-12 07:08:01,259 - INFO - 成功获取 澳门特别行政区省会城市 的 2 个县级行政区划
2025-09-12 07:08:02,026 - INFO - 开始爬取 澳门特别行政区重要城市 的县级行政区划数据...
2025-09-12 07:08:02,027 - INFO - 成功获取 澳门特别行政区重要城市 的 2 个县级行政区划
2025-09-12 07:08:03,486 - INFO - 行政区划数据爬取完成！
2025-09-12 07:08:03,486 - INFO - 总计爬取：34 个省份，105 个城市，242 个区县
2025-09-12 07:08:03,487 - INFO - 数据已保存到 example_regions.json
2025-09-12 07:08:03,488 - INFO - 数据已保存到 example_regions.csv
